#
# A fatal error has been detected by the Java Runtime Environment:
#
#  SIGSEGV (0xb) at pc=0x00007f9e11e98411, pid=1452, tid=1483
#
# JRE version: OpenJDK Runtime Environment (16.0.2+7) (build 16.0.2+7-67)
# Java VM: OpenJDK 64-Bit Server VM (16.0.2+7-67, mixed mode, tiered, compressed oops, compressed class ptrs, g1 gc, linux-amd64)
# Problematic frame:
# V  [libjvm.so+0xb68411]
#
# Core dump will be written. Default location: Core dumps may be processed with "/usr/lib/systemd/systemd-coredump %P %u %g %s %t %c %h" (or dumping to /home/bruno/Documents/java/eclipse/Searching/core.1452)
#
# If you would like to submit a bug report, please visit:
#   https://bugreport.java.com/bugreport/crash.jsp
#

---------------  S U M M A R Y ------------

Command Line: -XX:+ShowCodeDetailsInExceptionMessages -agentlib:jdwp=transport=dt_socket,suspend=y,address=localhost:44685 -javaagent:/home/bruno/.var/app/org.eclipse.Java/eclipse/configuration/org.eclipse.osgi/217/0/.cp/lib/javaagent-shaded.jar -Dfile.encoding=UTF-8 searching.TestBST

Host: Intel(R) Core(TM) i5-5257U CPU @ 2.70GHz, 4 cores, 7G, GNOME 40 (Flatpak runtime)
Time: Tue Sep 21 13:16:08 2021 EDT elapsed time: 3571.604256 seconds (0d 0h 59m 31s)

---------------  T H R E A D  ---------------

Current thread (0x00007f9e0c2e7200):  JavaThread "JDWP Transport Listener: dt_socket" daemon [_thread_in_vm, id=1483, stack(0x00007f9de5bfc000,0x00007f9de5cfd000)] _threads_hazard_ptr=0x00007f9e0c3d09a0, _nested_threads_hazard_ptr=0x00007f9e0c3d09a0

Stack: [0x00007f9de5bfc000,0x00007f9de5cfd000],  sp=0x00007f9de5cfa3c0,  free space=1016k
Native frames: (J=compiled Java code, A=aot compiled Java code, j=interpreted, Vv=VM code, C=native code)
V  [libjvm.so+0xb68411]
V  [libjvm.so+0x9e1551]
V  [libjvm.so+0x9e1804]
V  [libjvm.so+0x7826c4]
V  [libjvm.so+0x782ae3]
V  [libjvm.so+0x782deb]
V  [libjvm.so+0x9d80d4]
V  [libjvm.so+0x98f1a7]
C  [libjdwp.so+0xb4ee]
C  [libjdwp.so+0x13409]
C  [libjdwp.so+0x266b4]
V  [libjvm.so+0x9fac03]
V  [libjvm.so+0xd7c5cb]
V  [libjvm.so+0xd812bd]
V  [libjvm.so+0xbd81b7]


siginfo: si_signo: 11 (SIGSEGV), si_code: 1 (SEGV_MAPERR), si_addr: 0x0000000000000018

Register to memory mapping:

RAX=0x0 is NULL
RBX={method} {0x00007f9de5037fa8} 
[error occurred during error reporting (printing register info), id 0xb, SIGSEGV (0xb) at pc=0x00007f9e11e92737]

Registers:
RAX=0x0000000000000000, RBX=0x00007f9de5037fa8, RCX=0x0000000000000000, RDX=0x00007f9e0c2e80f0
RSP=0x00007f9de5cfa3c0, RBP=0x00007f9de5cfa3f0, RSI=0x00007f9de5cfa3c0, RDI=0x00007f9e124ef530
R8 =0x0000000000000048, R9 =0x00007f9df9aec000, R10=0x00007f9e11018000, R11=0x0000000000000297
R12=0x00007f9e0c2d6cc0, R13=0x00007f9de5cfa3c0, R14=0x00007f9e0c2d59c0, R15=0x00007f9dc410fd00
RIP=0x00007f9e11e98411, EFLAGS=0x0000000000010297, CSGSFS=0x002b000000000033, ERR=0x0000000000000004
  TRAPNO=0x000000000000000e

Top of Stack: (sp=0x00007f9de5cfa3c0)
0x00007f9de5cfa3c0:   00007f9de5037fa8 00007f9e0c2e7200
0x00007f9de5cfa3d0:   00007f9df9af4b10 0000000000000000
0x00007f9de5cfa3e0:   00007f9dac001d80 0000000000000001
0x00007f9de5cfa3f0:   00007f9de5cfb6f0 00007f9e11d11551 

Instructions: (pc=0x00007f9e11e98411)
0x00007f9e11e98311:   39 c3 76 23 48 8b 75 c0 49 8b 16 48 83 eb 01 48
0x00007f9e11e98321:   8b 44 ce f8 48 89 54 ce f8 49 89 06 48 83 45 c8
0x00007f9e11e98331:   01 eb 9c 0f 1f 40 00 4c 8b 75 c0 48 83 c3 01 4c
0x00007f9e11e98341:   89 e2 48 89 de 4c 89 f7 e8 f2 2e 00 00 48 29 5d
0x00007f9e11e98351:   b8 48 8b 45 b8 49 8d 14 de 48 89 55 c0 48 83 f8
0x00007f9e11e98361:   01 0f 87 dd fe ff ff 80 7d a4 00 74 25 31 c0 48
0x00007f9e11e98371:   8b 55 b0 48 8b 54 c2 08 48 8b 4a 08 66 89 41 2e
0x00007f9e11e98381:   48 8b 52 08 66 89 42 36 48 83 c0 01 48 39 45 a8
0x00007f9e11e98391:   75 dd 48 83 c4 38 5b 41 5c 41 5d 41 5e 41 5f 5d
0x00007f9e11e983a1:   c3 49 8b 36 e9 f3 fe ff ff 66 0f 1f 44 00 00 55
0x00007f9e11e983b1:   48 89 e5 41 55 41 54 53 48 89 fb 48 83 ec 18 66
0x00007f9e11e983c1:   48 8d 3d 68 71 65 00 66 66 48 e8 70 20 6d ff 48
0x00007f9e11e983d1:   89 5d d0 48 8b 00 48 89 45 d8 48 85 db 74 22 4c
0x00007f9e11e983e1:   8b a0 88 02 00 00 49 63 34 24 41 3b 74 24 04 74
0x00007f9e11e983f1:   46 8d 46 01 41 89 04 24 49 8b 44 24 08 48 89 1c
0x00007f9e11e98401:   f0 48 8b 43 08 4c 8d 6d d0 4c 89 ee 48 8b 40 08
0x00007f9e11e98411:   48 8b 78 18 e8 86 7d c6 ff 4c 89 ef 49 89 c4 e8
0x00007f9e11e98421:   1b 93 c1 ff 48 83 c4 18 4c 89 e0 5b 41 5c 41 5d
0x00007f9e11e98431:   5d c3 0f 1f 44 00 00 4c 89 e7 e8 c0 15 70 ff 49
0x00007f9e11e98441:   63 34 24 eb ac 66 2e 0f 1f 84 00 00 00 00 00 55
0x00007f9e11e98451:   48 89 e5 41 55 41 54 49 89 fc 48 83 ec 10 48 c7
0x00007f9e11e98461:   47 40 00 00 00 00 66 48 8d 3d c1 70 65 00 66 66
0x00007f9e11e98471:   48 e8 c9 1f 6d ff 4c 89 65 e0 48 8b 00 48 89 45
0x00007f9e11e98481:   e8 4d 85 e4 74 20 4c 8b a8 88 02 00 00 49 63 75
0x00007f9e11e98491:   00 41 3b 75 04 74 68 8d 46 01 41 89 45 00 49 8b
0x00007f9e11e984a1:   45 08 4c 89 24 f0 4c 8d 6d e0 4c 89 ef e8 5d 07
0x00007f9e11e984b1:   70 ff 4c 89 ef 49 89 44 24 30 e8 80 92 c1 ff 49
0x00007f9e11e984c1:   8b 44 24 30 49 89 44 24 48 41 f6 44 24 21 01 74
0x00007f9e11e984d1:   0a 66 0f ef c0 41 0f 11 44 24 50 49 c7 44 24 10
0x00007f9e11e984e1:   00 00 00 00 4c 89 e7 49 c7 44 24 18 00 00 00 00
0x00007f9e11e984f1:   48 83 c4 10 41 5c 41 5d 5d e9 a1 bf cf ff 90 4c
0x00007f9e11e98501:   89 ef e8 f8 14 70 ff 49 63 75 00 eb 8a 66 90 55 


Stack slot to memory mapping:
stack at sp + 0 slots: {method} {0x00007f9de5037fa8} 
[error occurred during error reporting (inspecting top of stack), id 0xb, SIGSEGV (0xb) at pc=0x00007f9e11e92737]


---------------  P R O C E S S  ---------------

Threads class SMR info:
_java_thread_list=0x00007f9e0c3d09a0, length=14, elements={
0x00007f9e0c0253b0, 0x00007f9e0c173820, 0x00007f9e0c1752f0, 0x00007f9e0c1cb170,
0x00007f9e0c1cc6c0, 0x00007f9e0c1cdc00, 0x00007f9e0c1cf3b0, 0x00007f9e0c1d09c0,
0x00007f9e0c1d1f60, 0x00007f9e0c28caa0, 0x00007f9e0c2e7200, 0x00007f9e0c2ea770,
0x00007f9db4000fa0, 0x00007f9e0c3cf190
}

Java Threads: ( => current thread )
  0x00007f9e0c0253b0 JavaThread "main" [_thread_blocked, id=1455, stack(0x00007f9e110e2000,0x00007f9e111e3000)]
  0x00007f9e0c173820 JavaThread "Reference Handler" daemon [_thread_blocked, id=1471, stack(0x00007f9df5055000,0x00007f9df5156000)]
  0x00007f9e0c1752f0 JavaThread "Finalizer" daemon [_thread_blocked, id=1472, stack(0x00007f9df46ff000,0x00007f9df4800000)]
  0x00007f9e0c1cb170 JavaThread "Signal Dispatcher" daemon [_thread_blocked, id=1473, stack(0x00007f9df4386000,0x00007f9df4487000)]
  0x00007f9e0c1cc6c0 JavaThread "Service Thread" daemon [_thread_blocked, id=1474, stack(0x00007f9df4285000,0x00007f9df4386000)]
  0x00007f9e0c1cdc00 JavaThread "Monitor Deflation Thread" daemon [_thread_blocked, id=1475, stack(0x00007f9df4184000,0x00007f9df4285000)]
  0x00007f9e0c1cf3b0 JavaThread "C2 CompilerThread0" daemon [_thread_blocked, id=1476, stack(0x00007f9df4083000,0x00007f9df4184000)]
  0x00007f9e0c1d09c0 JavaThread "C1 CompilerThread0" daemon [_thread_blocked, id=1477, stack(0x00007f9de5eff000,0x00007f9de6000000)]
  0x00007f9e0c1d1f60 JavaThread "Sweeper thread" daemon [_thread_blocked, id=1478, stack(0x00007f9de5dfe000,0x00007f9de5eff000)]
  0x00007f9e0c28caa0 JavaThread "Common-Cleaner" daemon [_thread_blocked, id=1481, stack(0x00007f9de5cfd000,0x00007f9de5dfe000)]
=>0x00007f9e0c2e7200 JavaThread "JDWP Transport Listener: dt_socket" daemon [_thread_in_vm, id=1483, stack(0x00007f9de5bfc000,0x00007f9de5cfd000)], _nested_threads_hazard_ptr=0x00007f9e0c3d09a0
  0x00007f9e0c2ea770 JavaThread "JDWP Event Helper Thread" daemon [_thread_blocked, id=1486, stack(0x00007f9de5afb000,0x00007f9de5bfc000)]
  0x00007f9db4000fa0 JavaThread "JDWP Command Reader" daemon [_thread_in_native, id=1487, stack(0x00007f9de59fa000,0x00007f9de5afb000)]
  0x00007f9e0c3cf190 JavaThread "Notification Thread" daemon [_thread_blocked, id=1493, stack(0x00007f9de58f9000,0x00007f9de59fa000)]

Other Threads:
  0x00007f9e0c154a20 VMThread "VM Thread" [stack: 0x00007f9df5158000,0x00007f9df5258000] [id=1464]
  0x00007f9e0c159ee0 WatcherThread [stack: 0x00007f9de4f00000,0x00007f9de5000000] [id=1494]
  0x00007f9e0c062ef0 GCTaskThread "GC Thread#0" [stack: 0x00007f9e10161000,0x00007f9e10261000] [id=1459]
  0x00007f9e0c0739c0 ConcurrentGCThread "G1 Main Marker" [stack: 0x00007f9e1005f000,0x00007f9e1015f000] [id=1460]
  0x00007f9e0c074a50 ConcurrentGCThread "G1 Conc#0" [stack: 0x00007f9df593e000,0x00007f9df5a3e000] [id=1461]
  0x00007f9e0c0d8c70 ConcurrentGCThread "G1 Refine#0" [stack: 0x00007f9df5438000,0x00007f9df5538000] [id=1462]
  0x00007f9e0c0d9c90 ConcurrentGCThread "G1 Service" [stack: 0x00007f9df5336000,0x00007f9df5436000] [id=1463]

Threads with active compile tasks:

VM state: not at safepoint (normal execution)

VM Mutex/Monitor currently owned by a thread: None

Heap address: 0x0000000086400000, size: 1948 MB, Compressed Oops mode: 32-bit

CDS disabled.
Compressed class space mapped at: 0x0000000100000000-0x0000000140000000, reserved size: 1073741824
Narrow klass base: 0x0000000000000000, Narrow klass shift: 3, Narrow klass range: 0x140000000

GC Precious Log:
 CPUs: 4 total, 4 available
 Memory: 7785M
 Large Page Support: Disabled
 NUMA Support: Disabled
 Compressed Oops: Enabled (32-bit)
 Heap Region Size: 1M
 Heap Min Capacity: 8M
 Heap Initial Capacity: 122M
 Heap Max Capacity: 1948M
 Pre-touch: Disabled
 Parallel Workers: 4
 Concurrent Workers: 1
 Concurrent Refinement Workers: 4
 Periodic GC: Disabled

Heap:
 garbage-first heap   total 124928K, used 6144K [0x0000000086400000, 0x0000000100000000)
  region size 1024K, 7 young (7168K), 0 survivors (0K)
 Metaspace       used 9278K, committed 9472K, reserved 1064960K
  class space    used 792K, committed 896K, reserved 1048576K

Heap Regions: E=young(eden), S=young(survivor), O=old, HS=humongous(starts), HC=humongous(continues), CS=collection set, F=free, OA=open archive, CA=closed archive, TAMS=top-at-mark-start (previous, next)
|   0|0x0000000086400000, 0x0000000086400000, 0x0000000086500000|  0%| F|  |TAMS 0x0000000086400000, 0x0000000086400000| Untracked 
|   1|0x0000000086500000, 0x0000000086500000, 0x0000000086600000|  0%| F|  |TAMS 0x0000000086500000, 0x0000000086500000| Untracked 
|   2|0x0000000086600000, 0x0000000086600000, 0x0000000086700000|  0%| F|  |TAMS 0x0000000086600000, 0x0000000086600000| Untracked 
|   3|0x0000000086700000, 0x0000000086700000, 0x0000000086800000|  0%| F|  |TAMS 0x0000000086700000, 0x0000000086700000| Untracked 
|   4|0x0000000086800000, 0x0000000086800000, 0x0000000086900000|  0%| F|  |TAMS 0x0000000086800000, 0x0000000086800000| Untracked 
|   5|0x0000000086900000, 0x0000000086900000, 0x0000000086a00000|  0%| F|  |TAMS 0x0000000086900000, 0x0000000086900000| Untracked 
|   6|0x0000000086a00000, 0x0000000086a00000, 0x0000000086b00000|  0%| F|  |TAMS 0x0000000086a00000, 0x0000000086a00000| Untracked 
|   7|0x0000000086b00000, 0x0000000086b00000, 0x0000000086c00000|  0%| F|  |TAMS 0x0000000086b00000, 0x0000000086b00000| Untracked 
|   8|0x0000000086c00000, 0x0000000086c00000, 0x0000000086d00000|  0%| F|  |TAMS 0x0000000086c00000, 0x0000000086c00000| Untracked 
|   9|0x0000000086d00000, 0x0000000086d00000, 0x0000000086e00000|  0%| F|  |TAMS 0x0000000086d00000, 0x0000000086d00000| Untracked 
|  10|0x0000000086e00000, 0x0000000086e00000, 0x0000000086f00000|  0%| F|  |TAMS 0x0000000086e00000, 0x0000000086e00000| Untracked 
|  11|0x0000000086f00000, 0x0000000086f00000, 0x0000000087000000|  0%| F|  |TAMS 0x0000000086f00000, 0x0000000086f00000| Untracked 
|  12|0x0000000087000000, 0x0000000087000000, 0x0000000087100000|  0%| F|  |TAMS 0x0000000087000000, 0x0000000087000000| Untracked 
|  13|0x0000000087100000, 0x0000000087100000, 0x0000000087200000|  0%| F|  |TAMS 0x0000000087100000, 0x0000000087100000| Untracked 
|  14|0x0000000087200000, 0x0000000087200000, 0x0000000087300000|  0%| F|  |TAMS 0x0000000087200000, 0x0000000087200000| Untracked 
|  15|0x0000000087300000, 0x0000000087300000, 0x0000000087400000|  0%| F|  |TAMS 0x0000000087300000, 0x0000000087300000| Untracked 
|  16|0x0000000087400000, 0x0000000087400000, 0x0000000087500000|  0%| F|  |TAMS 0x0000000087400000, 0x0000000087400000| Untracked 
|  17|0x0000000087500000, 0x0000000087500000, 0x0000000087600000|  0%| F|  |TAMS 0x0000000087500000, 0x0000000087500000| Untracked 
|  18|0x0000000087600000, 0x0000000087600000, 0x0000000087700000|  0%| F|  |TAMS 0x0000000087600000, 0x0000000087600000| Untracked 
|  19|0x0000000087700000, 0x0000000087700000, 0x0000000087800000|  0%| F|  |TAMS 0x0000000087700000, 0x0000000087700000| Untracked 
|  20|0x0000000087800000, 0x0000000087800000, 0x0000000087900000|  0%| F|  |TAMS 0x0000000087800000, 0x0000000087800000| Untracked 
|  21|0x0000000087900000, 0x0000000087900000, 0x0000000087a00000|  0%| F|  |TAMS 0x0000000087900000, 0x0000000087900000| Untracked 
|  22|0x0000000087a00000, 0x0000000087a00000, 0x0000000087b00000|  0%| F|  |TAMS 0x0000000087a00000, 0x0000000087a00000| Untracked 
|  23|0x0000000087b00000, 0x0000000087b00000, 0x0000000087c00000|  0%| F|  |TAMS 0x0000000087b00000, 0x0000000087b00000| Untracked 
|  24|0x0000000087c00000, 0x0000000087c00000, 0x0000000087d00000|  0%| F|  |TAMS 0x0000000087c00000, 0x0000000087c00000| Untracked 
|  25|0x0000000087d00000, 0x0000000087d00000, 0x0000000087e00000|  0%| F|  |TAMS 0x0000000087d00000, 0x0000000087d00000| Untracked 
|  26|0x0000000087e00000, 0x0000000087e00000, 0x0000000087f00000|  0%| F|  |TAMS 0x0000000087e00000, 0x0000000087e00000| Untracked 
|  27|0x0000000087f00000, 0x0000000087f00000, 0x0000000088000000|  0%| F|  |TAMS 0x0000000087f00000, 0x0000000087f00000| Untracked 
|  28|0x0000000088000000, 0x0000000088000000, 0x0000000088100000|  0%| F|  |TAMS 0x0000000088000000, 0x0000000088000000| Untracked 
|  29|0x0000000088100000, 0x0000000088100000, 0x0000000088200000|  0%| F|  |TAMS 0x0000000088100000, 0x0000000088100000| Untracked 
|  30|0x0000000088200000, 0x0000000088200000, 0x0000000088300000|  0%| F|  |TAMS 0x0000000088200000, 0x0000000088200000| Untracked 
|  31|0x0000000088300000, 0x0000000088300000, 0x0000000088400000|  0%| F|  |TAMS 0x0000000088300000, 0x0000000088300000| Untracked 
|  32|0x0000000088400000, 0x0000000088400000, 0x0000000088500000|  0%| F|  |TAMS 0x0000000088400000, 0x0000000088400000| Untracked 
|  33|0x0000000088500000, 0x0000000088500000, 0x0000000088600000|  0%| F|  |TAMS 0x0000000088500000, 0x0000000088500000| Untracked 
|  34|0x0000000088600000, 0x0000000088600000, 0x0000000088700000|  0%| F|  |TAMS 0x0000000088600000, 0x0000000088600000| Untracked 
|  35|0x0000000088700000, 0x0000000088700000, 0x0000000088800000|  0%| F|  |TAMS 0x0000000088700000, 0x0000000088700000| Untracked 
|  36|0x0000000088800000, 0x0000000088800000, 0x0000000088900000|  0%| F|  |TAMS 0x0000000088800000, 0x0000000088800000| Untracked 
|  37|0x0000000088900000, 0x0000000088900000, 0x0000000088a00000|  0%| F|  |TAMS 0x0000000088900000, 0x0000000088900000| Untracked 
|  38|0x0000000088a00000, 0x0000000088a00000, 0x0000000088b00000|  0%| F|  |TAMS 0x0000000088a00000, 0x0000000088a00000| Untracked 
|  39|0x0000000088b00000, 0x0000000088b00000, 0x0000000088c00000|  0%| F|  |TAMS 0x0000000088b00000, 0x0000000088b00000| Untracked 
|  40|0x0000000088c00000, 0x0000000088c00000, 0x0000000088d00000|  0%| F|  |TAMS 0x0000000088c00000, 0x0000000088c00000| Untracked 
|  41|0x0000000088d00000, 0x0000000088d00000, 0x0000000088e00000|  0%| F|  |TAMS 0x0000000088d00000, 0x0000000088d00000| Untracked 
|  42|0x0000000088e00000, 0x0000000088e00000, 0x0000000088f00000|  0%| F|  |TAMS 0x0000000088e00000, 0x0000000088e00000| Untracked 
|  43|0x0000000088f00000, 0x0000000088f00000, 0x0000000089000000|  0%| F|  |TAMS 0x0000000088f00000, 0x0000000088f00000| Untracked 
|  44|0x0000000089000000, 0x0000000089000000, 0x0000000089100000|  0%| F|  |TAMS 0x0000000089000000, 0x0000000089000000| Untracked 
|  45|0x0000000089100000, 0x0000000089100000, 0x0000000089200000|  0%| F|  |TAMS 0x0000000089100000, 0x0000000089100000| Untracked 
|  46|0x0000000089200000, 0x0000000089200000, 0x0000000089300000|  0%| F|  |TAMS 0x0000000089200000, 0x0000000089200000| Untracked 
|  47|0x0000000089300000, 0x0000000089300000, 0x0000000089400000|  0%| F|  |TAMS 0x0000000089300000, 0x0000000089300000| Untracked 
|  48|0x0000000089400000, 0x0000000089400000, 0x0000000089500000|  0%| F|  |TAMS 0x0000000089400000, 0x0000000089400000| Untracked 
|  49|0x0000000089500000, 0x0000000089500000, 0x0000000089600000|  0%| F|  |TAMS 0x0000000089500000, 0x0000000089500000| Untracked 
|  50|0x0000000089600000, 0x0000000089600000, 0x0000000089700000|  0%| F|  |TAMS 0x0000000089600000, 0x0000000089600000| Untracked 
|  51|0x0000000089700000, 0x0000000089700000, 0x0000000089800000|  0%| F|  |TAMS 0x0000000089700000, 0x0000000089700000| Untracked 
|  52|0x0000000089800000, 0x0000000089800000, 0x0000000089900000|  0%| F|  |TAMS 0x0000000089800000, 0x0000000089800000| Untracked 
|  53|0x0000000089900000, 0x0000000089900000, 0x0000000089a00000|  0%| F|  |TAMS 0x0000000089900000, 0x0000000089900000| Untracked 
|  54|0x0000000089a00000, 0x0000000089a00000, 0x0000000089b00000|  0%| F|  |TAMS 0x0000000089a00000, 0x0000000089a00000| Untracked 
|  55|0x0000000089b00000, 0x0000000089b00000, 0x0000000089c00000|  0%| F|  |TAMS 0x0000000089b00000, 0x0000000089b00000| Untracked 
|  56|0x0000000089c00000, 0x0000000089c00000, 0x0000000089d00000|  0%| F|  |TAMS 0x0000000089c00000, 0x0000000089c00000| Untracked 
|  57|0x0000000089d00000, 0x0000000089d00000, 0x0000000089e00000|  0%| F|  |TAMS 0x0000000089d00000, 0x0000000089d00000| Untracked 
|  58|0x0000000089e00000, 0x0000000089e00000, 0x0000000089f00000|  0%| F|  |TAMS 0x0000000089e00000, 0x0000000089e00000| Untracked 
|  59|0x0000000089f00000, 0x0000000089f00000, 0x000000008a000000|  0%| F|  |TAMS 0x0000000089f00000, 0x0000000089f00000| Untracked 
|  60|0x000000008a000000, 0x000000008a000000, 0x000000008a100000|  0%| F|  |TAMS 0x000000008a000000, 0x000000008a000000| Untracked 
|  61|0x000000008a100000, 0x000000008a100000, 0x000000008a200000|  0%| F|  |TAMS 0x000000008a100000, 0x000000008a100000| Untracked 
|  62|0x000000008a200000, 0x000000008a200000, 0x000000008a300000|  0%| F|  |TAMS 0x000000008a200000, 0x000000008a200000| Untracked 
|  63|0x000000008a300000, 0x000000008a300000, 0x000000008a400000|  0%| F|  |TAMS 0x000000008a300000, 0x000000008a300000| Untracked 
|  64|0x000000008a400000, 0x000000008a400000, 0x000000008a500000|  0%| F|  |TAMS 0x000000008a400000, 0x000000008a400000| Untracked 
|  65|0x000000008a500000, 0x000000008a500000, 0x000000008a600000|  0%| F|  |TAMS 0x000000008a500000, 0x000000008a500000| Untracked 
|  66|0x000000008a600000, 0x000000008a600000, 0x000000008a700000|  0%| F|  |TAMS 0x000000008a600000, 0x000000008a600000| Untracked 
|  67|0x000000008a700000, 0x000000008a700000, 0x000000008a800000|  0%| F|  |TAMS 0x000000008a700000, 0x000000008a700000| Untracked 
|  68|0x000000008a800000, 0x000000008a800000, 0x000000008a900000|  0%| F|  |TAMS 0x000000008a800000, 0x000000008a800000| Untracked 
|  69|0x000000008a900000, 0x000000008a900000, 0x000000008aa00000|  0%| F|  |TAMS 0x000000008a900000, 0x000000008a900000| Untracked 
|  70|0x000000008aa00000, 0x000000008aa00000, 0x000000008ab00000|  0%| F|  |TAMS 0x000000008aa00000, 0x000000008aa00000| Untracked 
|  71|0x000000008ab00000, 0x000000008ab00000, 0x000000008ac00000|  0%| F|  |TAMS 0x000000008ab00000, 0x000000008ab00000| Untracked 
|  72|0x000000008ac00000, 0x000000008ac00000, 0x000000008ad00000|  0%| F|  |TAMS 0x000000008ac00000, 0x000000008ac00000| Untracked 
|  73|0x000000008ad00000, 0x000000008ad00000, 0x000000008ae00000|  0%| F|  |TAMS 0x000000008ad00000, 0x000000008ad00000| Untracked 
|  74|0x000000008ae00000, 0x000000008ae00000, 0x000000008af00000|  0%| F|  |TAMS 0x000000008ae00000, 0x000000008ae00000| Untracked 
|  75|0x000000008af00000, 0x000000008af00000, 0x000000008b000000|  0%| F|  |TAMS 0x000000008af00000, 0x000000008af00000| Untracked 
|  76|0x000000008b000000, 0x000000008b000000, 0x000000008b100000|  0%| F|  |TAMS 0x000000008b000000, 0x000000008b000000| Untracked 
|  77|0x000000008b100000, 0x000000008b100000, 0x000000008b200000|  0%| F|  |TAMS 0x000000008b100000, 0x000000008b100000| Untracked 
|  78|0x000000008b200000, 0x000000008b200000, 0x000000008b300000|  0%| F|  |TAMS 0x000000008b200000, 0x000000008b200000| Untracked 
|  79|0x000000008b300000, 0x000000008b300000, 0x000000008b400000|  0%| F|  |TAMS 0x000000008b300000, 0x000000008b300000| Untracked 
|  80|0x000000008b400000, 0x000000008b400000, 0x000000008b500000|  0%| F|  |TAMS 0x000000008b400000, 0x000000008b400000| Untracked 
|  81|0x000000008b500000, 0x000000008b500000, 0x000000008b600000|  0%| F|  |TAMS 0x000000008b500000, 0x000000008b500000| Untracked 
|  82|0x000000008b600000, 0x000000008b600000, 0x000000008b700000|  0%| F|  |TAMS 0x000000008b600000, 0x000000008b600000| Untracked 
|  83|0x000000008b700000, 0x000000008b700000, 0x000000008b800000|  0%| F|  |TAMS 0x000000008b700000, 0x000000008b700000| Untracked 
|  84|0x000000008b800000, 0x000000008b800000, 0x000000008b900000|  0%| F|  |TAMS 0x000000008b800000, 0x000000008b800000| Untracked 
|  85|0x000000008b900000, 0x000000008b900000, 0x000000008ba00000|  0%| F|  |TAMS 0x000000008b900000, 0x000000008b900000| Untracked 
|  86|0x000000008ba00000, 0x000000008ba00000, 0x000000008bb00000|  0%| F|  |TAMS 0x000000008ba00000, 0x000000008ba00000| Untracked 
|  87|0x000000008bb00000, 0x000000008bb00000, 0x000000008bc00000|  0%| F|  |TAMS 0x000000008bb00000, 0x000000008bb00000| Untracked 
|  88|0x000000008bc00000, 0x000000008bc00000, 0x000000008bd00000|  0%| F|  |TAMS 0x000000008bc00000, 0x000000008bc00000| Untracked 
|  89|0x000000008bd00000, 0x000000008bd00000, 0x000000008be00000|  0%| F|  |TAMS 0x000000008bd00000, 0x000000008bd00000| Untracked 
|  90|0x000000008be00000, 0x000000008be00000, 0x000000008bf00000|  0%| F|  |TAMS 0x000000008be00000, 0x000000008be00000| Untracked 
|  91|0x000000008bf00000, 0x000000008bf00000, 0x000000008c000000|  0%| F|  |TAMS 0x000000008bf00000, 0x000000008bf00000| Untracked 
|  92|0x000000008c000000, 0x000000008c000000, 0x000000008c100000|  0%| F|  |TAMS 0x000000008c000000, 0x000000008c000000| Untracked 
|  93|0x000000008c100000, 0x000000008c100000, 0x000000008c200000|  0%| F|  |TAMS 0x000000008c100000, 0x000000008c100000| Untracked 
|  94|0x000000008c200000, 0x000000008c200000, 0x000000008c300000|  0%| F|  |TAMS 0x000000008c200000, 0x000000008c200000| Untracked 
|  95|0x000000008c300000, 0x000000008c300000, 0x000000008c400000|  0%| F|  |TAMS 0x000000008c300000, 0x000000008c300000| Untracked 
|  96|0x000000008c400000, 0x000000008c400000, 0x000000008c500000|  0%| F|  |TAMS 0x000000008c400000, 0x000000008c400000| Untracked 
|  97|0x000000008c500000, 0x000000008c500000, 0x000000008c600000|  0%| F|  |TAMS 0x000000008c500000, 0x000000008c500000| Untracked 
|  98|0x000000008c600000, 0x000000008c600000, 0x000000008c700000|  0%| F|  |TAMS 0x000000008c600000, 0x000000008c600000| Untracked 
|  99|0x000000008c700000, 0x000000008c700000, 0x000000008c800000|  0%| F|  |TAMS 0x000000008c700000, 0x000000008c700000| Untracked 
| 100|0x000000008c800000, 0x000000008c800000, 0x000000008c900000|  0%| F|  |TAMS 0x000000008c800000, 0x000000008c800000| Untracked 
| 101|0x000000008c900000, 0x000000008c900000, 0x000000008ca00000|  0%| F|  |TAMS 0x000000008c900000, 0x000000008c900000| Untracked 
| 102|0x000000008ca00000, 0x000000008ca00000, 0x000000008cb00000|  0%| F|  |TAMS 0x000000008ca00000, 0x000000008ca00000| Untracked 
| 103|0x000000008cb00000, 0x000000008cb00000, 0x000000008cc00000|  0%| F|  |TAMS 0x000000008cb00000, 0x000000008cb00000| Untracked 
| 104|0x000000008cc00000, 0x000000008cc00000, 0x000000008cd00000|  0%| F|  |TAMS 0x000000008cc00000, 0x000000008cc00000| Untracked 
| 105|0x000000008cd00000, 0x000000008cd00000, 0x000000008ce00000|  0%| F|  |TAMS 0x000000008cd00000, 0x000000008cd00000| Untracked 
| 106|0x000000008ce00000, 0x000000008ce00000, 0x000000008cf00000|  0%| F|  |TAMS 0x000000008ce00000, 0x000000008ce00000| Untracked 
| 107|0x000000008cf00000, 0x000000008cf00000, 0x000000008d000000|  0%| F|  |TAMS 0x000000008cf00000, 0x000000008cf00000| Untracked 
| 108|0x000000008d000000, 0x000000008d000000, 0x000000008d100000|  0%| F|  |TAMS 0x000000008d000000, 0x000000008d000000| Untracked 
| 109|0x000000008d100000, 0x000000008d100000, 0x000000008d200000|  0%| F|  |TAMS 0x000000008d100000, 0x000000008d100000| Untracked 
| 110|0x000000008d200000, 0x000000008d200000, 0x000000008d300000|  0%| F|  |TAMS 0x000000008d200000, 0x000000008d200000| Untracked 
| 111|0x000000008d300000, 0x000000008d300000, 0x000000008d400000|  0%| F|  |TAMS 0x000000008d300000, 0x000000008d300000| Untracked 
| 112|0x000000008d400000, 0x000000008d400000, 0x000000008d500000|  0%| F|  |TAMS 0x000000008d400000, 0x000000008d400000| Untracked 
| 113|0x000000008d500000, 0x000000008d500000, 0x000000008d600000|  0%| F|  |TAMS 0x000000008d500000, 0x000000008d500000| Untracked 
| 114|0x000000008d600000, 0x000000008d600000, 0x000000008d700000|  0%| F|  |TAMS 0x000000008d600000, 0x000000008d600000| Untracked 
| 115|0x000000008d700000, 0x000000008d785b18, 0x000000008d800000| 52%| E|  |TAMS 0x000000008d700000, 0x000000008d700000| Complete 
| 116|0x000000008d800000, 0x000000008d900000, 0x000000008d900000|100%| E|CS|TAMS 0x000000008d800000, 0x000000008d800000| Complete 
| 117|0x000000008d900000, 0x000000008da00000, 0x000000008da00000|100%| E|CS|TAMS 0x000000008d900000, 0x000000008d900000| Complete 
| 118|0x000000008da00000, 0x000000008db00000, 0x000000008db00000|100%| E|CS|TAMS 0x000000008da00000, 0x000000008da00000| Complete 
| 119|0x000000008db00000, 0x000000008dc00000, 0x000000008dc00000|100%| E|CS|TAMS 0x000000008db00000, 0x000000008db00000| Complete 
| 120|0x000000008dc00000, 0x000000008dd00000, 0x000000008dd00000|100%| E|CS|TAMS 0x000000008dc00000, 0x000000008dc00000| Complete 
| 121|0x000000008dd00000, 0x000000008de00000, 0x000000008de00000|100%| E|CS|TAMS 0x000000008dd00000, 0x000000008dd00000| Complete 

Card table byte_map: [0x00007f9e102a2000,0x00007f9e10670000] _byte_map_base: 0x00007f9e0fe70000

Marking Bits (Prev, Next): (CMBitMap*) 0x00007f9e0c063aa0, (CMBitMap*) 0x00007f9e0c063ae0
 Prev Bits: [0x00007f9df78ae000, 0x00007f9df971e000)
 Next Bits: [0x00007f9df5a3e000, 0x00007f9df78ae000)

Polling page: 0x00007f9e127a9000

Metaspace:

Usage:
  Non-class:      8.29 MB used.
      Class:    792.63 KB used.
       Both:      9.06 MB used.

Virtual space:
  Non-class space:       16.00 MB reserved,       8.38 MB ( 52%) committed,  2 nodes.
      Class space:        1.00 GB reserved,     896.00 KB ( <1%) committed,  1 nodes.
              Both:        1.02 GB reserved,       9.25 MB ( <1%) committed. 

Chunk freelists:
   Non-Class:  3.66 MB
       Class:  3.10 MB
        Both:  6.75 MB

MaxMetaspaceSize: 17179869184.00 GB
CompressedClassSpaceSize: 1.00 GB
 - commit_granule_bytes: 65536.
 - commit_granule_words: 8192.
 - virtual_space_node_default_size: 1048576.
 - enlarge_chunks_in_place: 1.
 - new_chunks_are_fully_committed: 0.
 - uncommit_free_chunks: 1.
 - use_allocation_guard: 0.
 - handle_deallocations: 1.


Internal statistics:

num_allocs_failed_limit: 0.
num_arena_births: 10.
num_arena_deaths: 0.
num_vsnodes_births: 3.
num_vsnodes_deaths: 0.
num_space_committed: 148.
num_space_uncommitted: 0.
num_chunks_returned_to_freelist: 0.
num_chunks_taken_from_freelist: 51.
num_chunk_merges: 0.
num_chunk_splits: 22.
num_chunks_enlarged: 16.
num_purges: 0.

CodeHeap 'non-profiled nmethods': size=120032Kb used=145Kb max_used=145Kb free=119886Kb
 bounds [0x00007f9e015b4000, 0x00007f9e01824000, 0x00007f9e08aec000]
CodeHeap 'profiled nmethods': size=120028Kb used=585Kb max_used=585Kb free=119442Kb
 bounds [0x00007f9dfa07d000, 0x00007f9dfa2ed000, 0x00007f9e015b4000]
CodeHeap 'non-nmethods': size=5700Kb used=1176Kb max_used=1193Kb free=4523Kb
 bounds [0x00007f9df9aec000, 0x00007f9df9d5c000, 0x00007f9dfa07d000]
 total_blobs=832 nmethods=435 adapters=311
 compilation: enabled
              stopped_count=0, restarted_count=0
 full_count=0

Compilation events (20 events):
Event: 3265.448 Thread 0x00007f9e0c1d09c0  437       3       org.eclipse.jdt.launching.internal.org.objectweb.asm.MethodWriter::canCopyMethodAttributes (163 bytes)
Event: 3265.449 Thread 0x00007f9e0c1d09c0 nmethod 437 0x00007f9dfa102e10 code [0x00007f9dfa103020, 0x00007f9dfa103710]
Event: 3265.449 Thread 0x00007f9e0c1d09c0  438       3       org.eclipse.jdt.launching.internal.org.objectweb.asm.MethodWriter::setMethodAttributesSource (17 bytes)
Event: 3265.449 Thread 0x00007f9e0c1d09c0 nmethod 438 0x00007f9dfa103990 code [0x00007f9dfa103b20, 0x00007f9dfa103c30]
Event: 3287.941 Thread 0x00007f9e0c1d09c0  439       3       org.eclipse.jdt.launching.internal.org.objectweb.asm.ClassReader::readMethod (1061 bytes)
Event: 3287.955 Thread 0x00007f9e0c1d09c0 nmethod 439 0x00007f9dfa103d10 code [0x00007f9dfa104460, 0x00007f9dfa108c40]
Event: 3287.955 Thread 0x00007f9e0c1d09c0  440       3       org.eclipse.jdt.launching.internal.org.objectweb.asm.MethodVisitor::<init> (7 bytes)
Event: 3287.955 Thread 0x00007f9e0c1d09c0 nmethod 440 0x00007f9dfa10ab90 code [0x00007f9dfa10ad40, 0x00007f9dfa10aea0]
Event: 3287.955 Thread 0x00007f9e0c1d09c0  441       3       org.eclipse.jdt.launching.internal.org.objectweb.asm.MethodVisitor::<init> (94 bytes)
Event: 3287.956 Thread 0x00007f9e0c1d09c0 nmethod 441 0x00007f9dfa10af90 code [0x00007f9dfa10b200, 0x00007f9dfa10bb00]
Event: 3287.956 Thread 0x00007f9e0c1d09c0  442       3       org.eclipse.jdt.launching.internal.org.objectweb.asm.MethodWriter::computeMethodInfoSize (571 bytes)
Event: 3287.970 Thread 0x00007f9e0c1d09c0 nmethod 442 0x00007f9dfa10be10 code [0x00007f9dfa10c140, 0x00007f9dfa10cf30]
Event: 3287.970 Thread 0x00007f9e0c1d09c0  443       3       org.eclipse.jdt.launching.internal.org.objectweb.asm.MethodWriter::hasFrames (13 bytes)
Event: 3287.973 Thread 0x00007f9e0c1d09c0 nmethod 443 0x00007f9dfa10d610 code [0x00007f9dfa10d7a0, 0x00007f9dfa10d910]
Event: 3304.221 Thread 0x00007f9e0c1d09c0  444       3       org.eclipse.jdt.launching.internal.org.objectweb.asm.MethodWriter::<init> (232 bytes)
Event: 3304.222 Thread 0x00007f9e0c1d09c0 nmethod 444 0x00007f9dfa10d990 code [0x00007f9dfa10dc20, 0x00007f9dfa10e8e0]
Event: 3438.618 Thread 0x00007f9e0c1d09c0  445       3       org.eclipse.jdt.launching.internal.org.objectweb.asm.AnnotationWriter::putAnnotations (67 bytes)
Event: 3438.619 Thread 0x00007f9e0c1d09c0 nmethod 445 0x00007f9dfa10ee10 code [0x00007f9dfa10f040, 0x00007f9dfa10f470]
Event: 3480.299 Thread 0x00007f9e0c1cf3b0  446       4       org.eclipse.jdt.launching.internal.org.objectweb.asm.Symbol::<init> (38 bytes)
Event: 3480.307 Thread 0x00007f9e0c1cf3b0 nmethod 446 0x00007f9e015d8190 code [0x00007f9e015d8300, 0x00007f9e015d8638]

GC Heap History (0 events):
No events

Deoptimization events (20 events):
Event: 0.803 Thread 0x00007f9e0c0253b0 DEOPT PACKING pc=0x00007f9dfa0e5c62 sp=0x00007f9e111dd410
Event: 0.803 Thread 0x00007f9e0c0253b0 DEOPT UNPACKING pc=0x00007f9df9b39bba sp=0x00007f9e111dc898 mode 0
Event: 0.803 Thread 0x00007f9e0c0253b0 DEOPT PACKING pc=0x00007f9dfa0e5c62 sp=0x00007f9e111dd410
Event: 0.803 Thread 0x00007f9e0c0253b0 DEOPT UNPACKING pc=0x00007f9df9b39bba sp=0x00007f9e111dc898 mode 0
Event: 0.804 Thread 0x00007f9e0c0253b0 DEOPT PACKING pc=0x00007f9dfa0e5c62 sp=0x00007f9e111dd410
Event: 0.804 Thread 0x00007f9e0c0253b0 DEOPT UNPACKING pc=0x00007f9df9b39bba sp=0x00007f9e111dc898 mode 0
Event: 0.804 Thread 0x00007f9e0c0253b0 DEOPT PACKING pc=0x00007f9dfa0e5c62 sp=0x00007f9e111dd410
Event: 0.804 Thread 0x00007f9e0c0253b0 DEOPT UNPACKING pc=0x00007f9df9b39bba sp=0x00007f9e111dc898 mode 0
Event: 0.807 Thread 0x00007f9e0c0253b0 DEOPT PACKING pc=0x00007f9dfa0e5c62 sp=0x00007f9e111de6d0
Event: 0.807 Thread 0x00007f9e0c0253b0 DEOPT UNPACKING pc=0x00007f9df9b39bba sp=0x00007f9e111ddb58 mode 0
Event: 0.810 Thread 0x00007f9e0c0253b0 DEOPT PACKING pc=0x00007f9dfa0e5c62 sp=0x00007f9e111dd390
Event: 0.810 Thread 0x00007f9e0c0253b0 DEOPT UNPACKING pc=0x00007f9df9b39bba sp=0x00007f9e111dc818 mode 0
Event: 0.812 Thread 0x00007f9e0c0253b0 DEOPT PACKING pc=0x00007f9dfa0e5c62 sp=0x00007f9e111de600
Event: 0.812 Thread 0x00007f9e0c0253b0 DEOPT UNPACKING pc=0x00007f9df9b39bba sp=0x00007f9e111dda88 mode 0
Event: 0.816 Thread 0x00007f9e0c0253b0 DEOPT PACKING pc=0x00007f9dfa0e5c62 sp=0x00007f9e111de6c0
Event: 0.816 Thread 0x00007f9e0c0253b0 DEOPT UNPACKING pc=0x00007f9df9b39bba sp=0x00007f9e111ddb48 mode 0
Event: 0.829 Thread 0x00007f9e0c0253b0 DEOPT PACKING pc=0x00007f9dfa0e5c62 sp=0x00007f9e111dd010
Event: 0.829 Thread 0x00007f9e0c0253b0 DEOPT UNPACKING pc=0x00007f9df9b39bba sp=0x00007f9e111dc498 mode 0
Event: 0.832 Thread 0x00007f9e0c0253b0 DEOPT PACKING pc=0x00007f9dfa0e5c62 sp=0x00007f9e111dd010
Event: 0.832 Thread 0x00007f9e0c0253b0 DEOPT UNPACKING pc=0x00007f9df9b39bba sp=0x00007f9e111dc498 mode 0

Classes unloaded (0 events):
No events

Classes redefined (20 events):
Event: 3167.733 Thread 0x00007f9e0c154a20 redefined class name=searching.BinarySearchTree, count=20
Event: 3172.169 Thread 0x00007f9e0c154a20 redefined class name=searching.BinarySearchTree, count=21
Event: 3190.101 Thread 0x00007f9e0c154a20 redefined class name=searching.BinarySearchTree, count=22
Event: 3252.051 Thread 0x00007f9e0c154a20 redefined class name=searching.BinarySearchTree, count=23
Event: 3265.451 Thread 0x00007f9e0c154a20 redefined class name=searching.BinarySearchTree, count=24
Event: 3287.942 Thread 0x00007f9e0c154a20 redefined class name=searching.TestBST, count=4
Event: 3304.223 Thread 0x00007f9e0c154a20 redefined class name=searching.BinarySearchTree, count=25
Event: 3338.731 Thread 0x00007f9e0c154a20 redefined class name=searching.TestBST, count=5
Event: 3353.950 Thread 0x00007f9e0c154a20 redefined class name=searching.BinarySearchTree, count=26
Event: 3361.408 Thread 0x00007f9e0c154a20 redefined class name=searching.BinarySearchTree, count=27
Event: 3373.982 Thread 0x00007f9e0c154a20 redefined class name=searching.BinarySearchTree, count=28
Event: 3393.745 Thread 0x00007f9e0c154a20 redefined class name=searching.BinarySearchTree, count=29
Event: 3420.562 Thread 0x00007f9e0c154a20 redefined class name=searching.BinarySearchTree, count=30
Event: 3429.935 Thread 0x00007f9e0c154a20 redefined class name=searching.TestBST, count=6
Event: 3438.620 Thread 0x00007f9e0c154a20 redefined class name=searching.TestBST, count=7
Event: 3448.622 Thread 0x00007f9e0c154a20 redefined class name=searching.BinarySearchTree, count=31
Event: 3472.884 Thread 0x00007f9e0c154a20 redefined class name=searching.TestBST, count=8
Event: 3480.300 Thread 0x00007f9e0c154a20 redefined class name=searching.TestBST, count=9
Event: 3538.501 Thread 0x00007f9e0c154a20 redefined class name=searching.TestBST, count=10
Event: 3571.571 Thread 0x00007f9e0c154a20 redefined class name=searching.TestBST, count=11

Internal exceptions (1 events):
Event: 0.760 Thread 0x00007f9e0c0253b0 Exception <a 'java/lang/NoSuchMethodError'{0x000000008daf60f8}: 'java.lang.Object java.lang.invoke.DirectMethodHandle$Holder.invokeStatic(java.lang.Object)'> (0x000000008daf60f8) 
thrown [open/src/hotspot/share/interpreter/linkResolver.cpp, line 789]

Events (20 events):
Event: 3448.639 Executing  VM operation: ChangeBreakpoints
Event: 3448.639 Executing  VM operation: ChangeBreakpoints done
Event: 3448.650 Executing  VM operation: ChangeBreakpoints
Event: 3448.650 Executing  VM operation: ChangeBreakpoints done
Event: 3472.883 Executing  VM operation: RedefineClasses
Event: 3472.887 Executing  VM operation: RedefineClasses done
Event: 3472.900 Executing  VM operation: ChangeBreakpoints
Event: 3472.900 Executing  VM operation: ChangeBreakpoints done
Event: 3480.299 Executing  VM operation: RedefineClasses
Event: 3480.307 Executing  VM operation: RedefineClasses done
Event: 3480.314 Executing  VM operation: ChangeBreakpoints
Event: 3480.315 Executing  VM operation: ChangeBreakpoints done
Event: 3538.500 Executing  VM operation: RedefineClasses
Event: 3538.503 Executing  VM operation: RedefineClasses done
Event: 3538.510 Executing  VM operation: ChangeBreakpoints
Event: 3538.512 Executing  VM operation: ChangeBreakpoints done
Event: 3571.570 Executing  VM operation: RedefineClasses
Event: 3571.574 Executing  VM operation: RedefineClasses done
Event: 3571.580 Executing  VM operation: ChangeBreakpoints
Event: 3571.580 Executing  VM operation: ChangeBreakpoints done


Dynamic libraries:
86400000-8de00000 rw-p 00000000 00:00 0 
8de00000-100000000 ---p 00000000 00:00 0 
100000000-100020000 rw-p 00000000 00:00 0 
100020000-100040000 rw-p 00000000 00:00 0 
100040000-1000d0000 rw-p 00000000 00:00 0 
1000d0000-1000e0000 ---p 00000000 00:00 0 
1000e0000-1000f0000 rw-p 00000000 00:00 0 
1000f0000-140000000 ---p 00000000 00:00 0 
5580d0d61000-5580d0d62000 r-xp 00000000 00:21 345267                     /app/eclipse/plugins/org.eclipse.justj.openjdk.hotspot.jre.full.linux.x86_64_16.0.2.v20210721-1149/jre/bin/java
5580d0d63000-5580d0d64000 r--p 00001000 00:21 345267                     /app/eclipse/plugins/org.eclipse.justj.openjdk.hotspot.jre.full.linux.x86_64_16.0.2.v20210721-1149/jre/bin/java
5580d0d64000-5580d0d65000 rw-p 00002000 00:21 345267                     /app/eclipse/plugins/org.eclipse.justj.openjdk.hotspot.jre.full.linux.x86_64_16.0.2.v20210721-1149/jre/bin/java
5580d27d9000-5580d27fa000 rw-p 00000000 00:00 0                          [heap]
7f9da0000000-7f9da0021000 rw-p 00000000 00:00 0 
7f9da0021000-7f9da4000000 ---p 00000000 00:00 0 
7f9da4000000-7f9da4021000 rw-p 00000000 00:00 0 
7f9da4021000-7f9da8000000 ---p 00000000 00:00 0 
7f9da8000000-7f9da8021000 rw-p 00000000 00:00 0 
7f9da8021000-7f9dac000000 ---p 00000000 00:00 0 
7f9dac000000-7f9dac021000 rw-p 00000000 00:00 0 
7f9dac021000-7f9db0000000 ---p 00000000 00:00 0 
7f9db0000000-7f9db0021000 rw-p 00000000 00:00 0 
7f9db0021000-7f9db4000000 ---p 00000000 00:00 0 
7f9db4000000-7f9db4078000 rw-p 00000000 00:00 0 
7f9db4078000-7f9db8000000 ---p 00000000 00:00 0 
7f9db8000000-7f9db81e9000 rw-p 00000000 00:00 0 
7f9db81e9000-7f9dbc000000 ---p 00000000 00:00 0 
7f9dbc000000-7f9dbc021000 rw-p 00000000 00:00 0 
7f9dbc021000-7f9dc0000000 ---p 00000000 00:00 0 
7f9dc0000000-7f9dc0021000 rw-p 00000000 00:00 0 
7f9dc0021000-7f9dc4000000 ---p 00000000 00:00 0 
7f9dc4000000-7f9dc4295000 rw-p 00000000 00:00 0 
7f9dc4295000-7f9dc8000000 ---p 00000000 00:00 0 
7f9dc8000000-7f9dc8021000 rw-p 00000000 00:00 0 
7f9dc8021000-7f9dcc000000 ---p 00000000 00:00 0 
7f9dcc000000-7f9dcc021000 rw-p 00000000 00:00 0 
7f9dcc021000-7f9dd0000000 ---p 00000000 00:00 0 
7f9dd0000000-7f9dd0021000 rw-p 00000000 00:00 0 
7f9dd0021000-7f9dd4000000 ---p 00000000 00:00 0 
7f9dd4000000-7f9dd4021000 rw-p 00000000 00:00 0 
7f9dd4021000-7f9dd8000000 ---p 00000000 00:00 0 
7f9dd8000000-7f9dd8021000 rw-p 00000000 00:00 0 
7f9dd8021000-7f9ddc000000 ---p 00000000 00:00 0 
7f9ddc000000-7f9ddc021000 rw-p 00000000 00:00 0 
7f9ddc021000-7f9de0000000 ---p 00000000 00:00 0 
7f9de0000000-7f9de0021000 rw-p 00000000 00:00 0 
7f9de0021000-7f9de4000000 ---p 00000000 00:00 0 
7f9de4efe000-7f9de4eff000 ---p 00000000 00:00 0 
7f9de4eff000-7f9de5060000 rw-p 00000000 00:00 0 
7f9de5060000-7f9de5800000 ---p 00000000 00:00 0 
7f9de58f9000-7f9de58fd000 ---p 00000000 00:00 0 
7f9de58fd000-7f9de59fa000 rw-p 00000000 00:00 0 
7f9de59fa000-7f9de59fe000 ---p 00000000 00:00 0 
7f9de59fe000-7f9de5afb000 rw-p 00000000 00:00 0 
7f9de5afb000-7f9de5aff000 ---p 00000000 00:00 0 
7f9de5aff000-7f9de5bfc000 rw-p 00000000 00:00 0 
7f9de5bfc000-7f9de5c00000 ---p 00000000 00:00 0 
7f9de5c00000-7f9de5cfd000 rw-p 00000000 00:00 0 
7f9de5cfd000-7f9de5d01000 ---p 00000000 00:00 0 
7f9de5d01000-7f9de5dfe000 rw-p 00000000 00:00 0 
7f9de5dfe000-7f9de5e02000 ---p 00000000 00:00 0 
7f9de5e02000-7f9de5eff000 rw-p 00000000 00:00 0 
7f9de5eff000-7f9de5f03000 ---p 00000000 00:00 0 
7f9de5f03000-7f9de8000000 rw-p 00000000 00:00 0 
7f9de8000000-7f9de8021000 rw-p 00000000 00:00 0 
7f9de8021000-7f9dec000000 ---p 00000000 00:00 0 
7f9dec000000-7f9dec021000 rw-p 00000000 00:00 0 
7f9dec021000-7f9df0000000 ---p 00000000 00:00 0 
7f9df0000000-7f9df0021000 rw-p 00000000 00:00 0 
7f9df0021000-7f9df4000000 ---p 00000000 00:00 0 
7f9df4047000-7f9df4054000 r-xp 00000000 00:21 346287                     /app/eclipse/plugins/org.eclipse.justj.openjdk.hotspot.jre.full.linux.x86_64_16.0.2.v20210721-1149/jre/lib/libverify.so
7f9df4054000-7f9df4056000 r--p 0000c000 00:21 346287                     /app/eclipse/plugins/org.eclipse.justj.openjdk.hotspot.jre.full.linux.x86_64_16.0.2.v20210721-1149/jre/lib/libverify.so
7f9df4056000-7f9df4057000 rw-p 0000e000 00:21 346287                     /app/eclipse/plugins/org.eclipse.justj.openjdk.hotspot.jre.full.linux.x86_64_16.0.2.v20210721-1149/jre/lib/libverify.so
7f9df4057000-7f9df406c000 r-xp 00000000 00:21 346195                     /app/eclipse/plugins/org.eclipse.justj.openjdk.hotspot.jre.full.linux.x86_64_16.0.2.v20210721-1149/jre/lib/libnet.so
7f9df406c000-7f9df406d000 r--p 00014000 00:21 346195                     /app/eclipse/plugins/org.eclipse.justj.openjdk.hotspot.jre.full.linux.x86_64_16.0.2.v20210721-1149/jre/lib/libnet.so
7f9df406d000-7f9df406e000 rw-p 00015000 00:21 346195                     /app/eclipse/plugins/org.eclipse.justj.openjdk.hotspot.jre.full.linux.x86_64_16.0.2.v20210721-1149/jre/lib/libnet.so
7f9df406e000-7f9df4081000 r-xp 00000000 00:21 346293                     /app/eclipse/plugins/org.eclipse.justj.openjdk.hotspot.jre.full.linux.x86_64_16.0.2.v20210721-1149/jre/lib/libnio.so
7f9df4081000-7f9df4082000 r--p 00012000 00:21 346293                     /app/eclipse/plugins/org.eclipse.justj.openjdk.hotspot.jre.full.linux.x86_64_16.0.2.v20210721-1149/jre/lib/libnio.so
7f9df4082000-7f9df4083000 rw-p 00013000 00:21 346293                     /app/eclipse/plugins/org.eclipse.justj.openjdk.hotspot.jre.full.linux.x86_64_16.0.2.v20210721-1149/jre/lib/libnio.so
7f9df4083000-7f9df4087000 ---p 00000000 00:00 0 
7f9df4087000-7f9df4184000 rw-p 00000000 00:00 0 
7f9df4184000-7f9df4188000 ---p 00000000 00:00 0 
7f9df4188000-7f9df4285000 rw-p 00000000 00:00 0 
7f9df4285000-7f9df4289000 ---p 00000000 00:00 0 
7f9df4289000-7f9df4386000 rw-p 00000000 00:00 0 
7f9df4386000-7f9df438a000 ---p 00000000 00:00 0 
7f9df438a000-7f9df4487000 rw-p 00000000 00:00 0 
7f9df4487000-7f9df46ff000 r--p 00000000 00:21 315584                     /usr/lib/locale/en_US.utf8/LC_COLLATE
7f9df46ff000-7f9df4703000 ---p 00000000 00:00 0 
7f9df4703000-7f9df4d00000 rw-p 00000000 00:00 0 
7f9df4d00000-7f9df4d20000 rw-p 00000000 00:00 0 
7f9df4d20000-7f9df4d40000 rw-p 00000000 00:00 0 
7f9df4d40000-7f9df4d80000 rw-p 00000000 00:00 0 
7f9df4d80000-7f9df5000000 rw-p 00000000 00:00 0 
7f9df5001000-7f9df5055000 r--p 00000000 00:21 303491                     /usr/lib/locale/en_US.utf8/LC_CTYPE
7f9df5055000-7f9df5059000 ---p 00000000 00:00 0 
7f9df5059000-7f9df5156000 rw-p 00000000 00:00 0 
7f9df5156000-7f9df5157000 ---p 00000000 00:00 0 
7f9df5157000-7f9df5334000 rw-p 00000000 00:00 0 
7f9df5334000-7f9df5335000 ---p 00000000 00:00 0 
7f9df5335000-7f9df5436000 rw-p 00000000 00:00 0 
7f9df5436000-7f9df5437000 ---p 00000000 00:00 0 
7f9df5437000-7f9df593c000 rw-p 00000000 00:00 0 
7f9df593c000-7f9df593d000 ---p 00000000 00:00 0 
7f9df593d000-7f9df5c26000 rw-p 00000000 00:00 0 
7f9df5c26000-7f9df78ae000 ---p 00000000 00:00 0 
7f9df78ae000-7f9df7a96000 rw-p 00000000 00:00 0 
7f9df7a96000-7f9df971e000 ---p 00000000 00:00 0 
7f9df971e000-7f9df975b000 rw-p 00000000 00:00 0 
7f9df975b000-7f9df9aec000 ---p 00000000 00:00 0 
7f9df9aec000-7f9df9d5c000 rwxp 00000000 00:00 0 
7f9df9d5c000-7f9dfa07d000 ---p 00000000 00:00 0 
7f9dfa07d000-7f9dfa2ed000 rwxp 00000000 00:00 0 
7f9dfa2ed000-7f9e015b4000 ---p 00000000 00:00 0 
7f9e015b4000-7f9e01824000 rwxp 00000000 00:00 0 
7f9e01824000-7f9e08aec000 ---p 00000000 00:00 0 
7f9e08aec000-7f9e0c000000 r--s 00000000 00:21 346564                     /app/eclipse/plugins/org.eclipse.justj.openjdk.hotspot.jre.full.linux.x86_64_16.0.2.v20210721-1149/jre/lib/modules
7f9e0c000000-7f9e0c4a4000 rw-p 00000000 00:00 0 
7f9e0c4a4000-7f9e10000000 ---p 00000000 00:00 0 
7f9e1000d000-7f9e10012000 r-xp 00000000 00:21 345105                     /app/eclipse/plugins/org.eclipse.justj.openjdk.hotspot.jre.full.linux.x86_64_16.0.2.v20210721-1149/jre/lib/libdt_socket.so
7f9e10012000-7f9e10013000 r--p 00004000 00:21 345105                     /app/eclipse/plugins/org.eclipse.justj.openjdk.hotspot.jre.full.linux.x86_64_16.0.2.v20210721-1149/jre/lib/libdt_socket.so
7f9e10013000-7f9e10014000 rw-p 00005000 00:21 345105                     /app/eclipse/plugins/org.eclipse.justj.openjdk.hotspot.jre.full.linux.x86_64_16.0.2.v20210721-1149/jre/lib/libdt_socket.so
7f9e10014000-7f9e10015000 r--p 00000000 00:21 303613                     /usr/lib/locale/en_US.utf8/LC_NUMERIC
7f9e10015000-7f9e10016000 r--p 00000000 00:21 308937                     /usr/lib/locale/en_US.utf8/LC_TIME
7f9e10016000-7f9e10017000 r--p 00000000 00:21 304725                     /usr/lib/locale/en_US.utf8/LC_MONETARY
7f9e10017000-7f9e10018000 r--p 00000000 00:21 306860                     /usr/lib/locale/en_US.utf8/LC_MESSAGES/SYS_LC_MESSAGES
7f9e10018000-7f9e10019000 r--p 00000000 00:21 310864                     /usr/lib/locale/en_US.utf8/LC_PAPER
7f9e10019000-7f9e1001a000 r--p 00000000 00:21 308042                     /usr/lib/locale/en_US.utf8/LC_NAME
7f9e1001a000-7f9e1001b000 r--p 00000000 00:21 312869                     /usr/lib/locale/en_US.utf8/LC_ADDRESS
7f9e1001b000-7f9e1001c000 r--p 00000000 00:21 312550                     /usr/lib/locale/en_US.utf8/LC_TELEPHONE
7f9e1001c000-7f9e1005d000 rw-p 00000000 00:00 0 
7f9e1005d000-7f9e1005e000 ---p 00000000 00:00 0 
7f9e1005e000-7f9e1015f000 rw-p 00000000 00:00 0 
7f9e1015f000-7f9e10160000 ---p 00000000 00:00 0 
7f9e10160000-7f9e102df000 rw-p 00000000 00:00 0 
7f9e102df000-7f9e10670000 ---p 00000000 00:00 0 
7f9e10670000-7f9e106ad000 rw-p 00000000 00:00 0 
7f9e106ad000-7f9e10a3e000 ---p 00000000 00:00 0 
7f9e10a3e000-7f9e10e47000 rw-p 00000000 00:00 0 
7f9e10e47000-7f9e10f2d000 ---p 00000000 00:00 0 
7f9e10f2d000-7f9e10f32000 rw-p 00000000 00:00 0 
7f9e10f32000-7f9e11018000 ---p 00000000 00:00 0 
7f9e11018000-7f9e1101d000 rw-p 00000000 00:00 0 
7f9e1101d000-7f9e11024000 ---p 00000000 00:00 0 
7f9e11024000-7f9e11027000 r--p 00000000 00:21 312879                     /usr/lib/x86_64-linux-gnu/libnss_files-2.31.so
7f9e11027000-7f9e1102e000 r-xp 00003000 00:21 312879                     /usr/lib/x86_64-linux-gnu/libnss_files-2.31.so
7f9e1102e000-7f9e11030000 r--p 0000a000 00:21 312879                     /usr/lib/x86_64-linux-gnu/libnss_files-2.31.so
7f9e11030000-7f9e11031000 ---p 0000c000 00:21 312879                     /usr/lib/x86_64-linux-gnu/libnss_files-2.31.so
7f9e11031000-7f9e11032000 r--p 0000c000 00:21 312879                     /usr/lib/x86_64-linux-gnu/libnss_files-2.31.so
7f9e11032000-7f9e11033000 rw-p 0000d000 00:21 312879                     /usr/lib/x86_64-linux-gnu/libnss_files-2.31.so
7f9e11033000-7f9e11039000 rw-p 00000000 00:00 0 
7f9e11039000-7f9e1103a000 r--p 00000000 00:21 305846                     /usr/lib/locale/en_US.utf8/LC_MEASUREMENT
7f9e1103a000-7f9e11041000 r-xp 00000000 00:21 346324                     /app/eclipse/plugins/org.eclipse.justj.openjdk.hotspot.jre.full.linux.x86_64_16.0.2.v20210721-1149/jre/lib/libzip.so
7f9e11041000-7f9e11042000 ---p 00007000 00:21 346324                     /app/eclipse/plugins/org.eclipse.justj.openjdk.hotspot.jre.full.linux.x86_64_16.0.2.v20210721-1149/jre/lib/libzip.so
7f9e11042000-7f9e11043000 r--p 00007000 00:21 346324                     /app/eclipse/plugins/org.eclipse.justj.openjdk.hotspot.jre.full.linux.x86_64_16.0.2.v20210721-1149/jre/lib/libzip.so
7f9e11043000-7f9e11044000 rw-p 00008000 00:21 346324                     /app/eclipse/plugins/org.eclipse.justj.openjdk.hotspot.jre.full.linux.x86_64_16.0.2.v20210721-1149/jre/lib/libzip.so
7f9e11044000-7f9e1104e000 r-xp 00000000 00:21 345165                     /app/eclipse/plugins/org.eclipse.justj.openjdk.hotspot.jre.full.linux.x86_64_16.0.2.v20210721-1149/jre/lib/libinstrument.so
7f9e1104e000-7f9e1104f000 r--p 00009000 00:21 345165                     /app/eclipse/plugins/org.eclipse.justj.openjdk.hotspot.jre.full.linux.x86_64_16.0.2.v20210721-1149/jre/lib/libinstrument.so
7f9e1104f000-7f9e11050000 rw-p 0000a000 00:21 345165                     /app/eclipse/plugins/org.eclipse.justj.openjdk.hotspot.jre.full.linux.x86_64_16.0.2.v20210721-1149/jre/lib/libinstrument.so
7f9e11050000-7f9e11074000 r-xp 00000000 00:21 345714                     /app/eclipse/plugins/org.eclipse.justj.openjdk.hotspot.jre.full.linux.x86_64_16.0.2.v20210721-1149/jre/lib/libjava.so
7f9e11074000-7f9e11075000 ---p 00024000 00:21 345714                     /app/eclipse/plugins/org.eclipse.justj.openjdk.hotspot.jre.full.linux.x86_64_16.0.2.v20210721-1149/jre/lib/libjava.so
7f9e11075000-7f9e11076000 r--p 00024000 00:21 345714                     /app/eclipse/plugins/org.eclipse.justj.openjdk.hotspot.jre.full.linux.x86_64_16.0.2.v20210721-1149/jre/lib/libjava.so
7f9e11076000-7f9e11077000 rw-p 00025000 00:21 345714                     /app/eclipse/plugins/org.eclipse.justj.openjdk.hotspot.jre.full.linux.x86_64_16.0.2.v20210721-1149/jre/lib/libjava.so
7f9e11077000-7f9e11078000 rw-p 00000000 00:00 0 
7f9e11078000-7f9e110b6000 r-xp 00000000 00:21 345053                     /app/eclipse/plugins/org.eclipse.justj.openjdk.hotspot.jre.full.linux.x86_64_16.0.2.v20210721-1149/jre/lib/libjdwp.so
7f9e110b6000-7f9e110b7000 r--p 0003d000 00:21 345053                     /app/eclipse/plugins/org.eclipse.justj.openjdk.hotspot.jre.full.linux.x86_64_16.0.2.v20210721-1149/jre/lib/libjdwp.so
7f9e110b7000-7f9e110b8000 rw-p 0003e000 00:21 345053                     /app/eclipse/plugins/org.eclipse.justj.openjdk.hotspot.jre.full.linux.x86_64_16.0.2.v20210721-1149/jre/lib/libjdwp.so
7f9e110b8000-7f9e110b9000 rw-p 00000000 00:00 0 
7f9e110b9000-7f9e110d4000 r-xp 00000000 00:21 345777                     /app/eclipse/plugins/org.eclipse.justj.openjdk.hotspot.jre.full.linux.x86_64_16.0.2.v20210721-1149/jre/lib/libjimage.so
7f9e110d4000-7f9e110d5000 ---p 0001b000 00:21 345777                     /app/eclipse/plugins/org.eclipse.justj.openjdk.hotspot.jre.full.linux.x86_64_16.0.2.v20210721-1149/jre/lib/libjimage.so
7f9e110d5000-7f9e110d7000 r--p 0001b000 00:21 345777                     /app/eclipse/plugins/org.eclipse.justj.openjdk.hotspot.jre.full.linux.x86_64_16.0.2.v20210721-1149/jre/lib/libjimage.so
7f9e110d7000-7f9e110d8000 rw-p 0001d000 00:21 345777                     /app/eclipse/plugins/org.eclipse.justj.openjdk.hotspot.jre.full.linux.x86_64_16.0.2.v20210721-1149/jre/lib/libjimage.so
7f9e110d8000-7f9e110da000 r--p 00000000 00:21 303694                     /usr/lib/x86_64-linux-gnu/librt-2.31.so
7f9e110da000-7f9e110de000 r-xp 00002000 00:21 303694                     /usr/lib/x86_64-linux-gnu/librt-2.31.so
7f9e110de000-7f9e110e0000 r--p 00006000 00:21 303694                     /usr/lib/x86_64-linux-gnu/librt-2.31.so
7f9e110e0000-7f9e110e1000 r--p 00007000 00:21 303694                     /usr/lib/x86_64-linux-gnu/librt-2.31.so
7f9e110e1000-7f9e110e2000 rw-p 00008000 00:21 303694                     /usr/lib/x86_64-linux-gnu/librt-2.31.so
7f9e110e2000-7f9e110e6000 ---p 00000000 00:00 0 
7f9e110e6000-7f9e111e3000 rw-p 00000000 00:00 0 
7f9e111e3000-7f9e111f0000 r--p 00000000 00:21 313851                     /usr/lib/x86_64-linux-gnu/libm-2.31.so
7f9e111f0000-7f9e11291000 r-xp 0000d000 00:21 313851                     /usr/lib/x86_64-linux-gnu/libm-2.31.so
7f9e11291000-7f9e1132e000 r--p 000ae000 00:21 313851                     /usr/lib/x86_64-linux-gnu/libm-2.31.so
7f9e1132e000-7f9e1132f000 r--p 0014a000 00:21 313851                     /usr/lib/x86_64-linux-gnu/libm-2.31.so
7f9e1132f000-7f9e11330000 rw-p 0014b000 00:21 313851                     /usr/lib/x86_64-linux-gnu/libm-2.31.so
7f9e11330000-7f9e1243e000 r-xp 00000000 00:21 346539                     /app/eclipse/plugins/org.eclipse.justj.openjdk.hotspot.jre.full.linux.x86_64_16.0.2.v20210721-1149/jre/lib/server/libjvm.so
7f9e1243e000-7f9e1243f000 ---p 0110e000 00:21 346539                     /app/eclipse/plugins/org.eclipse.justj.openjdk.hotspot.jre.full.linux.x86_64_16.0.2.v20210721-1149/jre/lib/server/libjvm.so
7f9e1243f000-7f9e124f0000 r--p 0110e000 00:21 346539                     /app/eclipse/plugins/org.eclipse.justj.openjdk.hotspot.jre.full.linux.x86_64_16.0.2.v20210721-1149/jre/lib/server/libjvm.so
7f9e124f0000-7f9e12523000 rw-p 011bf000 00:21 346539                     /app/eclipse/plugins/org.eclipse.justj.openjdk.hotspot.jre.full.linux.x86_64_16.0.2.v20210721-1149/jre/lib/server/libjvm.so
7f9e12523000-7f9e12580000 rw-p 00000000 00:00 0 
7f9e12580000-7f9e125a2000 r--p 00000000 00:21 315612                     /usr/lib/x86_64-linux-gnu/libc-2.31.so
7f9e125a2000-7f9e126f2000 r-xp 00022000 00:21 315612                     /usr/lib/x86_64-linux-gnu/libc-2.31.so
7f9e126f2000-7f9e12740000 r--p 00172000 00:21 315612                     /usr/lib/x86_64-linux-gnu/libc-2.31.so
7f9e12740000-7f9e12741000 ---p 001c0000 00:21 315612                     /usr/lib/x86_64-linux-gnu/libc-2.31.so
7f9e12741000-7f9e12745000 r--p 001c0000 00:21 315612                     /usr/lib/x86_64-linux-gnu/libc-2.31.so
7f9e12745000-7f9e12747000 rw-p 001c4000 00:21 315612                     /usr/lib/x86_64-linux-gnu/libc-2.31.so
7f9e12747000-7f9e1274b000 rw-p 00000000 00:00 0 
7f9e1274b000-7f9e1274c000 r--p 00000000 00:21 312565                     /usr/lib/x86_64-linux-gnu/libdl-2.31.so
7f9e1274c000-7f9e1274e000 r-xp 00001000 00:21 312565                     /usr/lib/x86_64-linux-gnu/libdl-2.31.so
7f9e1274e000-7f9e1274f000 r--p 00003000 00:21 312565                     /usr/lib/x86_64-linux-gnu/libdl-2.31.so
7f9e1274f000-7f9e12750000 r--p 00003000 00:21 312565                     /usr/lib/x86_64-linux-gnu/libdl-2.31.so
7f9e12750000-7f9e12751000 rw-p 00004000 00:21 312565                     /usr/lib/x86_64-linux-gnu/libdl-2.31.so
7f9e12751000-7f9e12757000 r--p 00000000 00:21 310318                     /usr/lib/x86_64-linux-gnu/libpthread-2.31.so
7f9e12757000-7f9e12767000 r-xp 00006000 00:21 310318                     /usr/lib/x86_64-linux-gnu/libpthread-2.31.so
7f9e12767000-7f9e1276d000 r--p 00016000 00:21 310318                     /usr/lib/x86_64-linux-gnu/libpthread-2.31.so
7f9e1276d000-7f9e1276e000 r--p 0001b000 00:21 310318                     /usr/lib/x86_64-linux-gnu/libpthread-2.31.so
7f9e1276e000-7f9e1276f000 rw-p 0001c000 00:21 310318                     /usr/lib/x86_64-linux-gnu/libpthread-2.31.so
7f9e1276f000-7f9e12773000 rw-p 00000000 00:00 0 
7f9e12773000-7f9e12782000 r-xp 00000000 00:21 346259                     /app/eclipse/plugins/org.eclipse.justj.openjdk.hotspot.jre.full.linux.x86_64_16.0.2.v20210721-1149/jre/lib/libjli.so
7f9e12782000-7f9e12783000 r--p 0000e000 00:21 346259                     /app/eclipse/plugins/org.eclipse.justj.openjdk.hotspot.jre.full.linux.x86_64_16.0.2.v20210721-1149/jre/lib/libjli.so
7f9e12783000-7f9e12784000 rw-p 0000f000 00:21 346259                     /app/eclipse/plugins/org.eclipse.justj.openjdk.hotspot.jre.full.linux.x86_64_16.0.2.v20210721-1149/jre/lib/libjli.so
7f9e12784000-7f9e12787000 r--p 00000000 00:21 305896                     /usr/lib/x86_64-linux-gnu/libz.so.1.2.11
7f9e12787000-7f9e12795000 r-xp 00003000 00:21 305896                     /usr/lib/x86_64-linux-gnu/libz.so.1.2.11
7f9e12795000-7f9e1279b000 r--p 00011000 00:21 305896                     /usr/lib/x86_64-linux-gnu/libz.so.1.2.11
7f9e1279b000-7f9e1279c000 ---p 00017000 00:21 305896                     /usr/lib/x86_64-linux-gnu/libz.so.1.2.11
7f9e1279c000-7f9e1279d000 r--p 00017000 00:21 305896                     /usr/lib/x86_64-linux-gnu/libz.so.1.2.11
7f9e1279d000-7f9e1279e000 rw-p 00018000 00:21 305896                     /usr/lib/x86_64-linux-gnu/libz.so.1.2.11
7f9e1279e000-7f9e127a0000 rw-p 00000000 00:00 0 
7f9e127a0000-7f9e127a1000 r--p 00000000 00:21 304209                     /usr/lib/locale/en_US.utf8/LC_IDENTIFICATION
7f9e127a1000-7f9e127a9000 rw-s 00000000 00:28 755                        /tmp/hsperfdata_bruno/1452
7f9e127a9000-7f9e127aa000 ---p 00000000 00:00 0 
7f9e127aa000-7f9e127ab000 r--p 00000000 00:00 0 
7f9e127ab000-7f9e127ac000 r--p 00000000 00:21 309279                     /usr/lib/x86_64-linux-gnu/ld-2.31.so
7f9e127ac000-7f9e127cd000 r-xp 00001000 00:21 309279                     /usr/lib/x86_64-linux-gnu/ld-2.31.so
7f9e127cd000-7f9e127d5000 r--p 00022000 00:21 309279                     /usr/lib/x86_64-linux-gnu/ld-2.31.so
7f9e127d5000-7f9e127d6000 ---p 00000000 00:00 0 
7f9e127d6000-7f9e127d7000 r--p 0002a000 00:21 309279                     /usr/lib/x86_64-linux-gnu/ld-2.31.so
7f9e127d7000-7f9e127d8000 rw-p 0002b000 00:21 309279                     /usr/lib/x86_64-linux-gnu/ld-2.31.so
7f9e127d8000-7f9e127d9000 rw-p 00000000 00:00 0 
7ffff6fd4000-7ffff6ff5000 rw-p 00000000 00:00 0                          [stack]
7ffff6ffa000-7ffff6ffe000 r--p 00000000 00:00 0                          [vvar]
7ffff6ffe000-7ffff7000000 r-xp 00000000 00:00 0                          [vdso]
ffffffffff600000-ffffffffff601000 r-xp 00000000 00:00 0                  [vsyscall]


VM Arguments:
jvm_args: -XX:+ShowCodeDetailsInExceptionMessages -agentlib:jdwp=transport=dt_socket,suspend=y,address=localhost:44685 -javaagent:/home/bruno/.var/app/org.eclipse.Java/eclipse/configuration/org.eclipse.osgi/217/0/.cp/lib/javaagent-shaded.jar -Dfile.encoding=UTF-8 
java_command: searching.TestBST
java_class_path (initial): /home/bruno/Documents/java/eclipse/Searching/bin:/home/bruno/Documents/java/eclipse/Sorting/bin
Launcher Type: SUN_STANDARD

[Global flags]
     intx CICompilerCount                          = 3                                         {product} {ergonomic}
     uint ConcGCThreads                            = 1                                         {product} {ergonomic}
     uint G1ConcRefinementThreads                  = 4                                         {product} {ergonomic}
   size_t G1HeapRegionSize                         = 1048576                                   {product} {ergonomic}
    uintx GCDrainStackTargetSize                   = 64                                        {product} {ergonomic}
   size_t InitialHeapSize                          = 127926272                                 {product} {ergonomic}
   size_t MarkStackSize                            = 4194304                                   {product} {ergonomic}
   size_t MaxHeapSize                              = 2042626048                                {product} {ergonomic}
   size_t MaxNewSize                               = 1224736768                                {product} {ergonomic}
   size_t MinHeapDeltaBytes                        = 1048576                                   {product} {ergonomic}
   size_t MinHeapSize                              = 8388608                                   {product} {ergonomic}
    uintx NonNMethodCodeHeapSize                   = 5832780                                {pd product} {ergonomic}
    uintx NonProfiledCodeHeapSize                  = 122912730                              {pd product} {ergonomic}
    uintx ProfiledCodeHeapSize                     = 122912730                              {pd product} {ergonomic}
    uintx ReservedCodeCacheSize                    = 251658240                              {pd product} {ergonomic}
     bool SegmentedCodeCache                       = true                                      {product} {ergonomic}
     bool ShowCodeDetailsInExceptionMessages       = true                                   {manageable} {command line}
   size_t SoftMaxHeapSize                          = 2042626048                             {manageable} {ergonomic}
     bool UseCompressedClassPointers               = true                           {product lp64_product} {ergonomic}
     bool UseCompressedOops                        = true                           {product lp64_product} {ergonomic}
     bool UseG1GC                                  = true                                      {product} {ergonomic}

Logging:
Log output configuration:
 #0: stdout all=warning uptime,level,tags
 #1: stderr all=off uptime,level,tags

Environment Variables:
PATH=/app/bin:/usr/bin
USERNAME=bruno
SHELL=/bin/sh
DISPLAY=:99.0
LANG=en_US.UTF-8

Signal Handlers:
SIGSEGV: [libjvm.so+0xdfeb90], sa_mask[0]=11100100010111111101111111111110, sa_flags=SA_RESTART|SA_SIGINFO
SIGBUS: [libjvm.so+0xdfeb90], sa_mask[0]=11100100010111111101111111111110, sa_flags=SA_RESTART|SA_SIGINFO
SIGFPE: [libjvm.so+0xdfeb90], sa_mask[0]=11100100010111111101111111111110, sa_flags=SA_RESTART|SA_SIGINFO
SIGPIPE: [libjvm.so+0xca84d0], sa_mask[0]=11100100010111111101111111111110, sa_flags=SA_RESTART|SA_SIGINFO
SIGXFSZ: [libjvm.so+0xca84d0], sa_mask[0]=11100100010111111101111111111110, sa_flags=SA_RESTART|SA_SIGINFO
SIGILL: [libjvm.so+0xdfeb90], sa_mask[0]=11100100010111111101111111111110, sa_flags=SA_RESTART|SA_SIGINFO
SIGUSR2: [libjvm.so+0xca7bc0], sa_mask[0]=00100000000000000000000000000000, sa_flags=SA_RESTART|SA_SIGINFO
SIGHUP: [libjvm.so+0xca7af0], sa_mask[0]=11100100010111111101111111111110, sa_flags=SA_RESTART|SA_SIGINFO
SIGINT: [libjvm.so+0xca7af0], sa_mask[0]=11100100010111111101111111111110, sa_flags=SA_RESTART|SA_SIGINFO
SIGTERM: [libjvm.so+0xca7af0], sa_mask[0]=11100100010111111101111111111110, sa_flags=SA_RESTART|SA_SIGINFO
SIGQUIT: [libjvm.so+0xca7af0], sa_mask[0]=11100100010111111101111111111110, sa_flags=SA_RESTART|SA_SIGINFO
SIGTRAP: [libjvm.so+0xdfeb90], sa_mask[0]=11100100010111111101111111111110, sa_flags=SA_RESTART|SA_SIGINFO


---------------  S Y S T E M  ---------------

OS:
NAME=GNOME
VERSION="40 (Flatpak runtime)"
VERSION_ID=40
ID=org.gnome.Platform
PRETTY_NAME="GNOME 40 (Flatpak runtime)"
BUG_REPORT_URL="https://gitlab.gnome.org/GNOME/gnome-build-meta/-/issues/new"
HOME_URL="https://www.gnome.org/"
uname: Linux 5.13.16-200.fc34.x86_64 #1 SMP Mon Sep 13 12:39:36 UTC 2021 x86_64
OS uptime: 0 days 6:00 hours
libc: glibc 2.31 NPTL 2.31 
rlimit (soft/hard): STACK 8192k/infinity , CORE infinity/infinity , NPROC 30986/30986 , NOFILE 524288/524288 , AS infinity/infinity , CPU infinity/infinity , DATA infinity/infinity , FSIZE infinity/infinity , MEMLOCK 64k/64k
load average: 1.02 1.32 1.17

/proc/meminfo:
MemTotal:        7972476 kB
MemFree:          134792 kB
MemAvailable:    1301440 kB
Buffers:             284 kB
Cached:          1999564 kB
SwapCached:        59652 kB
Active:          2341400 kB
Inactive:        4676632 kB
Active(anon):    1442740 kB
Inactive(anon):  4245240 kB
Active(file):     898660 kB
Inactive(file):   431392 kB
Unevictable:       43840 kB
Mlocked:            5000 kB
SwapTotal:       7971836 kB
SwapFree:        6811588 kB
Dirty:              6500 kB
Writeback:             0 kB
AnonPages:       5003520 kB
Mapped:           632564 kB
Shmem:            665588 kB
KReclaimable:     117536 kB
Slab:             283588 kB
SReclaimable:     117536 kB
SUnreclaim:       166052 kB
KernelStack:       23360 kB
PageTables:        75796 kB
NFS_Unstable:          0 kB
Bounce:                0 kB
WritebackTmp:          0 kB
CommitLimit:    11958072 kB
Committed_AS:   19998076 kB
VmallocTotal:   34359738367 kB
VmallocUsed:       79880 kB
VmallocChunk:          0 kB
Percpu:             5584 kB
HardwareCorrupted:     0 kB
AnonHugePages:         0 kB
ShmemHugePages:        0 kB
ShmemPmdMapped:        0 kB
FileHugePages:         0 kB
FilePmdMapped:         0 kB
CmaTotal:              0 kB
CmaFree:               0 kB
HugePages_Total:       0
HugePages_Free:        0
HugePages_Rsvd:        0
HugePages_Surp:        0
Hugepagesize:       2048 kB
Hugetlb:               0 kB
DirectMap4k:      820796 kB
DirectMap2M:     7415808 kB
DirectMap1G:     1048576 kB

/sys/kernel/mm/transparent_hugepage/enabled: <Not Available>
/sys/kernel/mm/transparent_hugepage/defrag (defrag/compaction efforts parameter): <Not Available>

Process Memory:
Virtual Size: 4902752K (peak: 4903088K)
Resident Set Size: 50720K (peak: 52644K) (anon: 27424K, file: 23264K, shmem: 32K)
Swapped out: 0K
C-Heap outstanding allocations: 5299K

/proc/sys/kernel/threads-max (system-wide limit on the number of threads): 61973
/proc/sys/vm/max_map_count (maximum number of memory map areas a process may have): 65530
/proc/sys/kernel/pid_max (system-wide limit on number of process identifiers): 4194304

Steal ticks since vm start: 0
Steal ticks percentage since vm start:  0.000

CPU: total 4 (initial active 4) (2 cores per cpu, 2 threads per core) family 6 model 61 stepping 4 microcode 0x2f, cx8, cmov, fxsr, ht, mmx, 3dnowpref, sse, sse2, sse3, ssse3, sse4.1, sse4.2, popcnt, lzcnt, tsc, tscinvbit, avx, avx2, aes, erms, clmul, bmi1, bmi2, adx, fma, vzeroupper, clflush
CPU Model and flags from /proc/cpuinfo:
model name	: Intel(R) Core(TM) i5-5257U CPU @ 2.70GHz
flags		: fpu vme de pse tsc msr pae mce cx8 apic sep mtrr pge mca cmov pat pse36 clflush dts acpi mmx fxsr sse sse2 ss ht tm pbe syscall nx pdpe1gb rdtscp lm constant_tsc arch_perfmon pebs bts rep_good nopl xtopology nonstop_tsc cpuid aperfmperf pni pclmulqdq dtes64 monitor ds_cpl vmx est tm2 ssse3 sdbg fma cx16 xtpr pdcm pcid sse4_1 sse4_2 x2apic movbe popcnt tsc_deadline_timer aes xsave avx f16c rdrand lahf_lm abm 3dnowprefetch cpuid_fault epb invpcid_single pti ssbd ibrs ibpb stibp tpr_shadow vnmi flexpriority ept vpid ept_ad fsgsbase tsc_adjust bmi1 avx2 smep bmi2 erms invpcid rdseed adx smap intel_pt xsaveopt dtherm ida arat pln pts md_clear flush_l1d

Online cpus: 0-3
Offline cpus: 
BIOS frequency limitation: <Not Available>
Frequency switch latency (ns): 20000
Available cpu frequencies: <Not Available>
Current governor: schedutil
Core performance/turbo boost: <Not Available>

Memory: 4k page, physical 7972476k(134792k free), swap 7971836k(6811588k free)

vm_info: OpenJDK 64-Bit Server VM (16.0.2+7-67) for linux-amd64 JRE (16.0.2+7-67), built on Jun  8 2021 22:13:23 by "mach5one" with gcc 10.2.0

END.
